main.py:15: error: Skipping analyzing "gtts": module is installed, but missing library stubs or py.typed marker  [import-untyped]
main.py:15: note: See https://mypy.readthedocs.io/en/stable/running_mypy.html#missing-imports
main.py:306: error: Module has no attribute "quote"  [attr-defined]
Found 2 errors in 1 file (checked 1 source file)
